# JRE version: OpenJDK Runtime Environment (8.0_275-b01) (build 1.8.0_275-8u275-b01-0ubuntu1~20.04-b01)
# Java VM: OpenJDK 64-Bit Server VM (25.275-b01 mixed mode linux-amd64 compressed oops)
Heap:
 PSYoungGen      total 55808K, used 10319K [0x00000000ec200000, 0x00000000f1b00000, 0x0000000100000000)
  eden space 49664K, 20% used [0x00000000ec200000,0x00000000ecc13c00,0x00000000ef280000)
  from space 6144K, 0% used [0x00000000ef280000,0x00000000ef280000,0x00000000ef880000)
  to   space 6656K, 0% used [0x00000000f1480000,0x00000000f1480000,0x00000000f1b00000)
 ParOldGen       total 56832K, used 24682K [0x00000000c4600000, 0x00000000c7d80000, 0x00000000ec200000)
  object space 56832K, 43% used [0x00000000c4600000,0x00000000c5e1aba8,0x00000000c7d80000)
 Metaspace       used 34927K, capacity 37566K, committed 37888K, reserved 1081344K
  class space    used 4804K, capacity 5271K, committed 5376K, reserved 1048576K
GC Heap History (10 events):
Event: 20.207 GC heap before
{Heap before GC invocations=14 (full 1):
 PSYoungGen      total 39424K, used 38896K [0x00000000ec200000, 0x00000000eef00000, 0x0000000100000000)
  eden space 34816K, 100% used [0x00000000ec200000,0x00000000ee400000,0x00000000ee400000)
  from space 4608K, 88% used [0x00000000eea80000,0x00000000eee7c298,0x00000000eef00000)
  to   space 5632K, 0% used [0x00000000ee400000,0x00000000ee400000,0x00000000ee980000)
 ParOldGen       total 26624K, used 9000K [0x00000000c4600000, 0x00000000c6000000, 0x00000000ec200000)
  object space 26624K, 33% used [0x00000000c4600000,0x00000000c4eca280,0x00000000c6000000)
 Metaspace       used 31264K, capacity 33686K, committed 33920K, reserved 1079296K
  class space    used 4314K, capacity 4725K, committed 4736K, reserved 1048576K
Event: 20.215 GC heap after
Heap after GC invocations=14 (full 1):
 PSYoungGen      total 40448K, used 5118K [0x00000000ec200000, 0x00000000eff80000, 0x0000000100000000)
  eden space 34816K, 0% used [0x00000000ec200000,0x00000000ec200000,0x00000000ee400000)
  from space 5632K, 90% used [0x00000000ee400000,0x00000000ee8ffa80,0x00000000ee980000)
  to   space 6144K, 0% used [0x00000000ef980000,0x00000000ef980000,0x00000000eff80000)
 ParOldGen       total 26624K, used 10386K [0x00000000c4600000, 0x00000000c6000000, 0x00000000ec200000)
  object space 26624K, 39% used [0x00000000c4600000,0x00000000c5024988,0x00000000c6000000)
 Metaspace       used 31264K, capacity 33686K, committed 33920K, reserved 1079296K
  class space    used 4314K, capacity 4725K, committed 4736K, reserved 1048576K
}
Event: 134.803 GC heap before
{Heap before GC invocations=15 (full 1):
 PSYoungGen      total 40448K, used 17131K [0x00000000ec200000, 0x00000000eff80000, 0x0000000100000000)
  eden space 34816K, 34% used [0x00000000ec200000,0x00000000ecdbb258,0x00000000ee400000)
  from space 5632K, 90% used [0x00000000ee400000,0x00000000ee8ffa80,0x00000000ee980000)
  to   space 6144K, 0% used [0x00000000ef980000,0x00000000ef980000,0x00000000eff80000)
 ParOldGen       total 26624K, used 10386K [0x00000000c4600000, 0x00000000c6000000, 0x00000000ec200000)
  object space 26624K, 39% used [0x00000000c4600000,0x00000000c5024988,0x00000000c6000000)
 Metaspace       used 32799K, capacity 35376K, committed 35456K, reserved 1079296K
  class space    used 4506K, capacity 4948K, committed 4992K, reserved 1048576K
Event: 134.820 GC heap after
Heap after GC invocations=15 (full 1):
 PSYoungGen      total 54784K, used 1676K [0x00000000ec200000, 0x00000000efe80000, 0x0000000100000000)
  eden space 49664K, 0% used [0x00000000ec200000,0x00000000ec200000,0x00000000ef280000)
  from space 5120K, 32% used [0x00000000ef980000,0x00000000efb23390,0x00000000efe80000)
  to   space 6144K, 0% used [0x00000000ef280000,0x00000000ef280000,0x00000000ef880000)
 ParOldGen       total 26624K, used 12762K [0x00000000c4600000, 0x00000000c6000000, 0x00000000ec200000)
  object space 26624K, 47% used [0x00000000c4600000,0x00000000c52769a8,0x00000000c6000000)
 Metaspace       used 32799K, capacity 35376K, committed 35456K, reserved 1079296K
  class space    used 4506K, capacity 4948K, committed 4992K, reserved 1048576K
}
Event: 134.820 GC heap before
{Heap before GC invocations=16 (full 2):
 PSYoungGen      total 54784K, used 1676K [0x00000000ec200000, 0x00000000efe80000, 0x0000000100000000)
  eden space 49664K, 0% used [0x00000000ec200000,0x00000000ec200000,0x00000000ef280000)
  from space 5120K, 32% used [0x00000000ef980000,0x00000000efb23390,0x00000000efe80000)
  to   space 6144K, 0% used [0x00000000ef280000,0x00000000ef280000,0x00000000ef880000)
 ParOldGen       total 26624K, used 12762K [0x00000000c4600000, 0x00000000c6000000, 0x00000000ec200000)
  object space 26624K, 47% used [0x00000000c4600000,0x00000000c52769a8,0x00000000c6000000)
 Metaspace       used 32799K, capacity 35376K, committed 35456K, reserved 1079296K
  class space    used 4506K, capacity 4948K, committed 4992K, reserved 1048576K
Event: 134.927 GC heap after
Heap after GC invocations=16 (full 2):
 PSYoungGen      total 54784K, used 0K [0x00000000ec200000, 0x00000000efe80000, 0x0000000100000000)
  eden space 49664K, 0% used [0x00000000ec200000,0x00000000ec200000,0x00000000ef280000)
  from space 5120K, 0% used [0x00000000ef980000,0x00000000ef980000,0x00000000efe80000)
  to   space 6144K, 0% used [0x00000000ef280000,0x00000000ef280000,0x00000000ef880000)
 ParOldGen       total 32768K, used 12235K [0x00000000c4600000, 0x00000000c6600000, 0x00000000ec200000)
  object space 32768K, 37% used [0x00000000c4600000,0x00000000c51f2c70,0x00000000c6600000)
 Metaspace       used 32798K, capacity 35374K, committed 35456K, reserved 1079296K
  class space    used 4506K, capacity 4947K, committed 4992K, reserved 1048576K
}
Event: 138.877 GC heap before
{Heap before GC invocations=17 (full 2):
 PSYoungGen      total 54784K, used 47089K [0x00000000ec200000, 0x00000000efe80000, 0x0000000100000000)
  eden space 49664K, 94% used [0x00000000ec200000,0x00000000eeffc7d0,0x00000000ef280000)
  from space 5120K, 0% used [0x00000000ef980000,0x00000000ef980000,0x00000000efe80000)
  to   space 6144K, 0% used [0x00000000ef280000,0x00000000ef280000,0x00000000ef880000)
 ParOldGen       total 32768K, used 12235K [0x00000000c4600000, 0x00000000c6600000, 0x00000000ec200000)
  object space 32768K, 37% used [0x00000000c4600000,0x00000000c51f2c70,0x00000000c6600000)
 Metaspace       used 34905K, capacity 37560K, committed 37888K, reserved 1081344K
  class space    used 4802K, capacity 5270K, committed 5376K, reserved 1048576K
Event: 139.312 GC heap after
Heap after GC invocations=17 (full 2):
 PSYoungGen      total 55808K, used 5491K [0x00000000ec200000, 0x00000000f1b00000, 0x0000000100000000)
  eden space 49664K, 0% used [0x00000000ec200000,0x00000000ec200000,0x00000000ef280000)
  from space 6144K, 89% used [0x00000000ef280000,0x00000000ef7dcd80,0x00000000ef880000)
  to   space 6656K, 0% used [0x00000000f1480000,0x00000000f1480000,0x00000000f1b00000)
 ParOldGen       total 37376K, used 36831K [0x00000000c4600000, 0x00000000c6a80000, 0x00000000ec200000)
  object space 37376K, 98% used [0x00000000c4600000,0x00000000c69f7cd0,0x00000000c6a80000)
 Metaspace       used 34905K, capacity 37560K, committed 37888K, reserved 1081344K
  class space    used 4802K, capacity 5270K, committed 5376K, reserved 1048576K
}
Event: 139.312 GC heap before
{Heap before GC invocations=18 (full 3):
 PSYoungGen      total 55808K, used 5491K [0x00000000ec200000, 0x00000000f1b00000, 0x0000000100000000)
  eden space 49664K, 0% used [0x00000000ec200000,0x00000000ec200000,0x00000000ef280000)
  from space 6144K, 89% used [0x00000000ef280000,0x00000000ef7dcd80,0x00000000ef880000)
  to   space 6656K, 0% used [0x00000000f1480000,0x00000000f1480000,0x00000000f1b00000)
 ParOldGen       total 37376K, used 36831K [0x00000000c4600000, 0x00000000c6a80000, 0x00000000ec200000)
  object space 37376K, 98% used [0x00000000c4600000,0x00000000c69f7cd0,0x00000000c6a80000)
 Metaspace       used 34905K, capacity 37560K, committed 37888K, reserved 1081344K
  class space    used 4802K, capacity 5270K, committed 5376K, reserved 1048576K
Event: 139.437 GC heap after
Heap after GC invocations=18 (full 3):
 PSYoungGen      total 55808K, used 0K [0x00000000ec200000, 0x00000000f1b00000, 0x0000000100000000)
  eden space 49664K, 0% used [0x00000000ec200000,0x00000000ec200000,0x00000000ef280000)
  from space 6144K, 0% used [0x00000000ef280000,0x00000000ef280000,0x00000000ef880000)
  to   space 6656K, 0% used [0x00000000f1480000,0x00000000f1480000,0x00000000f1b00000)
 ParOldGen       total 56832K, used 24682K [0x00000000c4600000, 0x00000000c7d80000, 0x00000000ec200000)
  object space 56832K, 43% used [0x00000000c4600000,0x00000000c5e1aba8,0x00000000c7d80000)
 Metaspace       used 34905K, capacity 37560K, committed 37888K, reserved 1081344K
  class space    used 4802K, capacity 5270K, committed 5376K, reserved 1048576K
}

